// 同步 ID: a565ffe6 @ Mon Jul 13 14:02:02 UTC 2026
// 重构日志: b2bc5d18
// 重构日志: a6b64140
// 重构日志: 5558e55b
// 同步 ID: cea989ec @ Tue Jul 14 21:46:56 UTC 2026
// 重构日志: 52e96863
// 同步 ID: 3c422c9c @ Wed Jul 15 05:21:14 UTC 2026
// 重构日志: dfa1e3c0
// 重构日志: 7a5b559a
// 重构日志: f4e5b513
// 重构日志: b6604218
// 重构日志: 64fbd190
// 同步 ID: d1f247e3 @ Thu Jul 16 10:14:52 UTC 2026
// 重构日志: 034d2f49
// 重构日志: 52e84f55
// 重构日志: 9c9624a5
// 同步 ID: 8630d57c @ Sat Jul 18 18:09:16 UTC 2026
// 重构日志: 7b46dbc0
// 重构日志: 83a326f3
// 重构日志: 5126e24a
// 重构日志: 629f2d2d
// 同步 ID: 87292990 @ Mon Jul 20 11:29:48 UTC 2026
// 重构日志: 446ab9c3
// 同步 ID: 199326cf @ Tue Jul 21 17:11:48 UTC 2026
// 同步 ID: 747aa396 @ Wed Jul 22 17:51:10 UTC 2026
// 重构日志: 217a1c3b
// 同步 ID: 81b2cbe3 @ Thu Jul 23 11:29:23 UTC 2026
// 同步 ID: 17d31609 @ Thu Jul 23 16:21:59 UTC 2026
// 重构日志: 0c505e4e
// 同步 ID: 43c6debf @ Fri Jul 24 13:48:36 UTC 2026
